# JRE version: OpenJDK Runtime Environment (8.0_152) (build 1.8.0_152-release-1343-b16-5323222)
# Java VM: OpenJDK 64-Bit Server VM (25.152-b16-5323222 mixed mode linux-amd64 compressed oops)
Heap:
 PSYoungGen      total 503808K, used 1014K [0x00000000e0000000, 0x0000000100000000, 0x0000000100000000)
  eden space 485888K, 0% used [0x00000000e0000000,0x00000000e0000000,0x00000000fda80000)
  from space 17920K, 5% used [0x00000000fda80000,0x00000000fdb7da90,0x00000000fec00000)
  to   space 20480K, 0% used [0x00000000fec00000,0x00000000fec00000,0x0000000100000000)
 ParOldGen       total 216064K, used 215976K [0x00000000a0000000, 0x00000000ad300000, 0x00000000e0000000)
  object space 216064K, 99% used [0x00000000a0000000,0x00000000ad2ea110,0x00000000ad300000)
 Metaspace       used 105570K, capacity 109754K, committed 110592K, reserved 1146880K
  class space    used 12770K, capacity 13515K, committed 13824K, reserved 1048576K
GC Heap History (10 events):
Event: 6900.259 GC heap after
Heap after GC invocations=81 (full 4):
 PSYoungGen      total 497664K, used 10766K [0x00000000e0000000, 0x0000000100000000, 0x0000000100000000)
  eden space 486400K, 0% used [0x00000000e0000000,0x00000000e0000000,0x00000000fdb00000)
  from space 11264K, 95% used [0x00000000fdb00000,0x00000000fe583890,0x00000000fe600000)
  to   space 19456K, 0% used [0x00000000fed00000,0x00000000fed00000,0x0000000100000000)
 ParOldGen       total 125952K, used 76778K [0x00000000a0000000, 0x00000000a7b00000, 0x00000000e0000000)
  object space 125952K, 60% used [0x00000000a0000000,0x00000000a4afaab0,0x00000000a7b00000)
 Metaspace       used 105094K, capacity 109556K, committed 109696K, reserved 1144832K
  class space    used 12782K, capacity 13592K, committed 13696K, reserved 1048576K
}
Event: 6901.432 GC heap before
{Heap before GC invocations=82 (full 4):
 PSYoungGen      total 497664K, used 497166K [0x00000000e0000000, 0x0000000100000000, 0x0000000100000000)
  eden space 486400K, 100% used [0x00000000e0000000,0x00000000fdb00000,0x00000000fdb00000)
  from space 11264K, 95% used [0x00000000fdb00000,0x00000000fe583890,0x00000000fe600000)
  to   space 19456K, 0% used [0x00000000fed00000,0x00000000fed00000,0x0000000100000000)
 ParOldGen       total 125952K, used 76778K [0x00000000a0000000, 0x00000000a7b00000, 0x00000000e0000000)
  object space 125952K, 60% used [0x00000000a0000000,0x00000000a4afaab0,0x00000000a7b00000)
 Metaspace       used 105095K, capacity 109556K, committed 109696K, reserved 1144832K
  class space    used 12782K, capacity 13592K, committed 13696K, reserved 1048576K
Event: 6901.451 GC heap after
Heap after GC invocations=82 (full 4):
 PSYoungGen      total 504832K, used 10342K [0x00000000e0000000, 0x0000000100000000, 0x0000000100000000)
  eden space 485376K, 0% used [0x00000000e0000000,0x00000000e0000000,0x00000000fda00000)
  from space 19456K, 53% used [0x00000000fed00000,0x00000000ff7199f0,0x0000000100000000)
  to   space 19456K, 0% used [0x00000000fda00000,0x00000000fda00000,0x00000000fed00000)
 ParOldGen       total 125952K, used 76778K [0x00000000a0000000, 0x00000000a7b00000, 0x00000000e0000000)
  object space 125952K, 60% used [0x00000000a0000000,0x00000000a4afaab0,0x00000000a7b00000)
 Metaspace       used 105095K, capacity 109556K, committed 109696K, reserved 1144832K
  class space    used 12782K, capacity 13592K, committed 13696K, reserved 1048576K
}
Event: 6905.961 GC heap before
{Heap before GC invocations=83 (full 4):
 PSYoungGen      total 504832K, used 495718K [0x00000000e0000000, 0x0000000100000000, 0x0000000100000000)
  eden space 485376K, 100% used [0x00000000e0000000,0x00000000fda00000,0x00000000fda00000)
  from space 19456K, 53% used [0x00000000fed00000,0x00000000ff7199f0,0x0000000100000000)
  to   space 19456K, 0% used [0x00000000fda00000,0x00000000fda00000,0x00000000fed00000)
 ParOldGen       total 125952K, used 76778K [0x00000000a0000000, 0x00000000a7b00000, 0x00000000e0000000)
  object space 125952K, 60% used [0x00000000a0000000,0x00000000a4afaab0,0x00000000a7b00000)
 Metaspace       used 105170K, capacity 109676K, committed 109952K, reserved 1144832K
  class space    used 12794K, capacity 13602K, committed 13696K, reserved 1048576K
Event: 6905.975 GC heap after
Heap after GC invocations=83 (full 4):
 PSYoungGen      total 491520K, used 5826K [0x00000000e0000000, 0x00000000ffe00000, 0x0000000100000000)
  eden space 485376K, 0% used [0x00000000e0000000,0x00000000e0000000,0x00000000fda00000)
  from space 6144K, 94% used [0x00000000fda00000,0x00000000fdfb0a00,0x00000000fe000000)
  to   space 18432K, 0% used [0x00000000fec00000,0x00000000fec00000,0x00000000ffe00000)
 ParOldGen       total 125952K, used 76794K [0x00000000a0000000, 0x00000000a7b00000, 0x00000000e0000000)
  object space 125952K, 60% used [0x00000000a0000000,0x00000000a4afeab0,0x00000000a7b00000)
 Metaspace       used 105170K, capacity 109676K, committed 109952K, reserved 1144832K
  class space    used 12794K, capacity 13602K, committed 13696K, reserved 1048576K
}
Event: 6930.977 GC heap before
{Heap before GC invocations=84 (full 4):
 PSYoungGen      total 491520K, used 491202K [0x00000000e0000000, 0x00000000ffe00000, 0x0000000100000000)
  eden space 485376K, 100% used [0x00000000e0000000,0x00000000fda00000,0x00000000fda00000)
  from space 6144K, 94% used [0x00000000fda00000,0x00000000fdfb0a00,0x00000000fe000000)
  to   space 18432K, 0% used [0x00000000fec00000,0x00000000fec00000,0x00000000ffe00000)
 ParOldGen       total 125952K, used 76794K [0x00000000a0000000, 0x00000000a7b00000, 0x00000000e0000000)
  object space 125952K, 60% used [0x00000000a0000000,0x00000000a4afeab0,0x00000000a7b00000)
 Metaspace       used 105215K, capacity 109774K, committed 109952K, reserved 1144832K
  class space    used 12798K, capacity 13609K, committed 13696K, reserved 1048576K
Event: 6930.986 GC heap after
Heap after GC invocations=84 (full 4):
 PSYoungGen      total 504320K, used 8184K [0x00000000e0000000, 0x0000000100000000, 0x0000000100000000)
  eden space 485888K, 0% used [0x00000000e0000000,0x00000000e0000000,0x00000000fda80000)
  from space 18432K, 44% used [0x00000000fec00000,0x00000000ff3fe168,0x00000000ffe00000)
  to   space 17920K, 0% used [0x00000000fda80000,0x00000000fda80000,0x00000000fec00000)
 ParOldGen       total 125952K, used 76810K [0x00000000a0000000, 0x00000000a7b00000, 0x00000000e0000000)
  object space 125952K, 60% used [0x00000000a0000000,0x00000000a4b02ab0,0x00000000a7b00000)
 Metaspace       used 105215K, capacity 109774K, committed 109952K, reserved 1144832K
  class space    used 12798K, capacity 13609K, committed 13696K, reserved 1048576K
}
Event: 7007.311 GC heap before
{Heap before GC invocations=85 (full 4):
 PSYoungGen      total 504320K, used 494072K [0x00000000e0000000, 0x0000000100000000, 0x0000000100000000)
  eden space 485888K, 100% used [0x00000000e0000000,0x00000000fda80000,0x00000000fda80000)
  from space 18432K, 44% used [0x00000000fec00000,0x00000000ff3fe168,0x00000000ffe00000)
  to   space 17920K, 0% used [0x00000000fda80000,0x00000000fda80000,0x00000000fec00000)
 ParOldGen       total 125952K, used 76810K [0x00000000a0000000, 0x00000000a7b00000, 0x00000000e0000000)
  object space 125952K, 60% used [0x00000000a0000000,0x00000000a4b02ab0,0x00000000a7b00000)
 Metaspace       used 105818K, capacity 110384K, committed 110592K, reserved 1146880K
  class space    used 12855K, capacity 13662K, committed 13824K, reserved 1048576K
Event: 7013.579 GC heap after
Heap after GC invocations=85 (full 4):
 PSYoungGen      total 503808K, used 17911K [0x00000000e0000000, 0x0000000100000000, 0x0000000100000000)
  eden space 485888K, 0% used [0x00000000e0000000,0x00000000e0000000,0x00000000fda80000)
  from space 17920K, 99% used [0x00000000fda80000,0x00000000febfde90,0x00000000fec00000)
  to   space 20480K, 0% used [0x00000000fec00000,0x00000000fec00000,0x0000000100000000)
 ParOldGen       total 216064K, used 215837K [0x00000000a0000000, 0x00000000ad300000, 0x00000000e0000000)
  object space 216064K, 99% used [0x00000000a0000000,0x00000000ad2c76b0,0x00000000ad300000)
 Metaspace       used 105818K, capacity 110384K, committed 110592K, reserved 1146880K
  class space    used 12855K, capacity 13662K, committed 13824K, reserved 1048576K
}
Event: 7013.579 GC heap before
{Heap before GC invocations=86 (full 5):
 PSYoungGen      total 503808K, used 17911K [0x00000000e0000000, 0x0000000100000000, 0x0000000100000000)
  eden space 485888K, 0% used [0x00000000e0000000,0x00000000e0000000,0x00000000fda80000)
  from space 17920K, 99% used [0x00000000fda80000,0x00000000febfde90,0x00000000fec00000)
  to   space 20480K, 0% used [0x00000000fec00000,0x00000000fec00000,0x0000000100000000)
 ParOldGen       total 216064K, used 215837K [0x00000000a0000000, 0x00000000ad300000, 0x00000000e0000000)
  object space 216064K, 99% used [0x00000000a0000000,0x00000000ad2c76b0,0x00000000ad300000)
 Metaspace       used 105818K, capacity 110384K, committed 110592K, reserved 1146880K
  class space    used 12855K, capacity 13662K, committed 13824K, reserved 1048576K

